d:\_masters\master 2\projet composants\projet_signature\composant_signature\composant_signature\composant_signature\debug\vc140.pdb
d:\_masters\master 2\projet composants\projet_signature\composant_signature\composant_signature\composant_signature\debug\vc140.idb
d:\_masters\master 2\projet composants\projet_signature\composant_signature\composant_signature\composant_signature\debug\main.obj
d:\_masters\master 2\projet composants\projet_signature\composant_signature\composant_signature\composant_signature\debug\signature.obj
d:\_masters\master 2\projet composants\projet_signature\composant_signature\composant_signature\composant_signature\debug\ripemd160.obj
d:\_masters\master 2\projet composants\projet_signature\composant_signature\composant_signature\composant_signature\debug\source.obj
d:\_masters\master 2\projet composants\projet_signature\composant_signature\composant_signature\composant_signature\debug\.netframework,version=v4.0.assemblyattributes.obj
d:\_masters\master 2\projet composants\projet_signature\composant_signature\composant_signature\composant_signature\debug\.netframework,version=v4.0.assemblyattributes.asm
d:\_masters\master 2\projet composants\projet_signature\composant_signature\composant_signature\debug\composant_signature.exe
d:\_masters\master 2\projet composants\projet_signature\composant_signature\composant_signature\debug\composant_signature.pdb
d:\_masters\master 2\projet composants\projet_signature\composant_signature\composant_signature\composant_signature\debug\composant_signature.vcxprojresolveassemblyreference.cache
d:\_masters\master 2\projet composants\projet_signature\composant_signature\composant_signature\composant_signature\debug\composan.bd65f153.tlog\cl.command.1.tlog
d:\_masters\master 2\projet composants\projet_signature\composant_signature\composant_signature\composant_signature\debug\composan.bd65f153.tlog\cl.read.1.tlog
d:\_masters\master 2\projet composants\projet_signature\composant_signature\composant_signature\composant_signature\debug\composan.bd65f153.tlog\cl.write.1.tlog
d:\_masters\master 2\projet composants\projet_signature\composant_signature\composant_signature\composant_signature\debug\composan.bd65f153.tlog\link.command.1.tlog
d:\_masters\master 2\projet composants\projet_signature\composant_signature\composant_signature\composant_signature\debug\composan.bd65f153.tlog\link.read.1.tlog
d:\_masters\master 2\projet composants\projet_signature\composant_signature\composant_signature\composant_signature\debug\composan.bd65f153.tlog\link.write.1.tlog
d:\_masters\master 2\projet composants\projet_signature\composant_signature\composant_signature\composant_signature\debug\composan.bd65f153.tlog\metagen.read.1.tlog
d:\_masters\master 2\projet composants\projet_signature\composant_signature\composant_signature\composant_signature\debug\composan.bd65f153.tlog\metagen.write.1.tlog
d:\_masters\master 2\projet composants\projet_signature\composant_signature\composant_signature\composant_signature\debug\composan.bd65f153.tlog\tzres.dll.bi
